* using log directory 'C:/Users/Elliott MEISSELIER/Documents/coursera/msdr-capstone/msdr/check/msdr.Rcheck'
* using R version 4.0.4 (2021-02-15)
* using platform: x86_64-w64-mingw32 (64-bit)
* using session charset: ISO8859-1
* using options '--no-manual --as-cran'
* checking for file 'msdr/DESCRIPTION' ... OK
* checking extension type ... Package
* this is package 'msdr' version '0.1.0'
* package encoding: UTF-8
* checking CRAN incoming feasibility ... NOTE
Maintainer: 'Elliott Messeiller <elliott.messeiller@gmail.com>'

New submission

The Title field should be in title case. Current version is:
'A package to analyse NOAA Significant Earthquakes dataset'
In title case that is:
'A Package to Analyse NOAA Significant Earthquakes Dataset'

The Description field should not start with the package name,
  'This package' or similar.
* checking package namespace information ... OK
* checking package dependencies ... NOTE
Depends: includes the non-default packages:
  'magrittr', 'dplyr', 'lubridate', 'stringr', 'ggplot2', 'leaflet',
  'testthat'
Adding so many packages to the search path is excessive and importing
selectively is preferable.
* checking if this is a source package ... OK
* checking if there is a namespace ... OK
* checking for .dll and .exe files ... OK
* checking for hidden files and directories ... OK
* checking for portable file names ... OK
* checking whether package 'msdr' can be installed ... OK
* checking package directory ... OK
* checking for future file timestamps ... OK
* checking 'build' directory ... OK
* checking DESCRIPTION meta-information ... NOTE
Package listed in more than one of Depends, Imports, Suggests, Enhances:
  'testthat'
A package should be listed in only one of these fields.
* checking top-level files ... NOTE
Files 'README.md' or 'NEWS.md' cannot be checked without 'pandoc' being installed.
Non-standard files/directories found at top level:
  'LICENSE.md' 'Rplot.png'
* checking for left-over files ... OK
* checking index information ... OK
* checking package subdirectories ... OK
* checking R files for non-ASCII characters ... OK
* checking R files for syntax errors ... OK
* checking whether the package can be loaded ... OK
* checking whether the package can be loaded with stated dependencies ... OK
* checking whether the package can be unloaded cleanly ... OK
* checking whether the namespace can be loaded with stated dependencies ... OK
* checking whether the namespace can be unloaded cleanly ... OK
* checking loading without being on the library search path ... OK
* checking use of S3 registration ... OK
* checking dependencies in R code ... WARNING
'::' or ':::' import not declared from: 'tidyr'
Packages in Depends field not imported from:
  'dplyr' 'ggplot2' 'leaflet' 'lubridate' 'stringr' 'testthat'
  These packages need to be imported from (in the NAMESPACE file)
  for when this namespace is loaded but not attached.
* checking S3 generic/method consistency ... OK
* checking replacement functions ... OK
* checking foreign function calls ... OK
* checking R code for possible problems ... NOTE
eq_clean_data: no visible binding for global variable 'YEAR'
eq_clean_data: no visible binding for global variable 'MONTH'
eq_clean_data: no visible binding for global variable 'DAY'
eq_clean_data: no visible binding for global variable 'LONGITUDE'
eq_clean_data: no visible binding for global variable 'LATITUDE'
eq_create_label: no visible binding for global variable 'LOCATION_NAME'
eq_create_label: no visible binding for global variable 'EQ_PRIMARY'
eq_create_label: no visible binding for global variable 'TOTAL_DEATHS'
eq_create_label: no visible global function definition for 'summarise'
eq_location_clean: no visible binding for global variable 'raw_noaa'
eq_location_clean: no visible binding for global variable
  'LOCATION_NAME'
geom_timeline: no visible global function definition for 'layer'
top_eq: no visible binding for global variable 'DATE'
top_eq: no visible binding for global variable 'EQ_PRIMARY'
Undefined global functions or variables:
  DATE DAY EQ_PRIMARY LATITUDE LOCATION_NAME LONGITUDE MONTH
  TOTAL_DEATHS YEAR layer raw_noaa summarise
* checking Rd files ... OK
* checking Rd metadata ... OK
* checking Rd line widths ... OK
* checking Rd cross-references ... OK
* checking for missing documentation entries ... WARNING
Undocumented code objects:
  'raw_noaa'
Undocumented data sets:
  'raw_noaa'
All user-level objects in a package should have documentation entries.
See chapter 'Writing R documentation files' in the 'Writing R
Extensions' manual.
* checking for code/documentation mismatches ... OK
* checking Rd \usage sections ... OK
* checking Rd contents ... OK
* checking for unstated dependencies in examples ... OK
* checking contents of 'data' directory ... OK
* checking data for non-ASCII characters ... OK
* checking data for ASCII and uncompressed saves ... OK
 WARNING
'qpdf' is needed for checks on size reduction of PDFs
* checking installed files from 'inst/doc' ... OK
* checking files in 'vignettes' ... OK
* checking examples ... OK
* checking for unstated dependencies in 'tests' ... OK
* checking tests ... ERROR
  Running 'testthat.R'
Running the tests in 'tests/testthat.R' failed.
Last 13 lines of output:
  Loading required package: leaflet
  > 
  > test_check("msdr")
  == Failed tests ================================================================
  -- Error (test-clean_data.R:45:3): Gets the right top 10 earthquakes -----------
  Error: object 'top_10_eq' not found
  Backtrace:
      x
   1. \-testthat::expect_equal(class(top_10_eq)[4], "data.frame") test-clean_data.R:45:2
   2.   \-testthat::quasi_label(enquo(object), label, arg = "object")
   3.     \-rlang::eval_bare(expr, quo_get_env(quo))
  
  [ FAIL 1 | WARN 0 | SKIP 0 | PASS 8 ]
  Error: Test failures
  Execution halted
* checking for unstated dependencies in vignettes ... OK
* checking package vignettes in 'inst/doc' ... OK
* checking re-building of vignette outputs ... OK
* checking for non-standard things in the check directory ... OK
* checking for detritus in the temp directory ... OK
* DONE
Status: 1 ERROR, 3 WARNINGs, 5 NOTEs
